2022-02-14 18:09:16 Loading main app package /usr/lib/obsidian/obsidian.asar
2022-02-14 18:09:17 Checking for update using Github
2022-02-14 18:09:17 Success.
2022-02-14 18:09:17 Latest version is 0.13.23
2022-02-14 18:09:17 App is up to date.
2022-02-14 18:10:00 Loading main app package /usr/lib/obsidian/obsidian.asar
2022-02-14 18:10:00 Checking for update using Github
2022-02-14 18:10:00 Success.
2022-02-14 18:10:00 Latest version is 0.13.23
2022-02-14 18:10:00 App is up to date.
2022-02-14 18:10:45 Loading main app package /usr/lib/obsidian/obsidian.asar
2022-02-14 18:10:46 Checking for update using Github
2022-02-14 18:10:46 Success.
2022-02-14 18:10:46 Latest version is 0.13.23
2022-02-14 18:10:46 App is up to date.
2022-02-14 18:22:47 Loading main app package /usr/lib/obsidian/obsidian.asar
2022-02-14 18:22:47 Checking for update using Github
2022-02-14 18:22:47 Success.
2022-02-14 18:22:47 Latest version is 0.13.23
2022-02-14 18:22:47 App is up to date.
2022-02-14 19:22:48 Checking for update using Github
2022-02-14 19:22:48 Success.
2022-02-14 19:22:48 Latest version is 0.13.23
2022-02-14 19:22:48 App is up to date.
2022-02-14 22:53:34 Checking for update using Github
2022-02-14 22:53:34 Success.
2022-02-14 22:53:34 Latest version is 0.13.23
2022-02-14 22:53:34 App is up to date.
2022-02-15 00:21:27 Checking for update using Github
2022-02-15 00:21:27 Success.
2022-02-15 00:21:27 Latest version is 0.13.23
2022-02-15 00:21:27 App is up to date.
2022-02-17 03:45:09 Loading main app package /usr/lib/obsidian/obsidian.asar
2022-02-17 03:45:09 Checking for update using Github
2022-02-17 03:45:09 Success.
2022-02-17 03:45:09 Latest version is 0.13.23
2022-02-17 03:45:09 App is up to date.
2022-02-17 06:07:50 Checking for update using Github
2022-02-17 06:07:50 Success.
2022-02-17 06:07:50 Latest version is 0.13.23
2022-02-17 06:07:50 App is up to date.
2022-02-17 07:07:50 Checking for update using Github
2022-02-17 07:07:54 Success.
2022-02-17 07:07:54 Latest version is 0.13.23
2022-02-17 07:07:54 App is up to date.
2022-02-17 08:07:50 Checking for update using Github
2022-02-17 08:07:50 Success.
2022-02-17 08:07:50 Latest version is 0.13.23
2022-02-17 08:07:50 App is up to date.
2022-02-17 09:07:50 Checking for update using Github
2022-02-17 09:07:51 Success.
2022-02-17 09:07:51 Latest version is 0.13.23
2022-02-17 09:07:51 App is up to date.
2022-02-17 10:07:51 Checking for update using Github
2022-02-17 10:07:51 Success.
2022-02-17 10:07:51 Latest version is 0.13.23
2022-02-17 10:07:51 App is up to date.
2022-02-17 11:07:51 Checking for update using Github
2022-02-17 11:07:51 Success.
2022-02-17 11:07:51 Latest version is 0.13.23
2022-02-17 11:07:51 App is up to date.
2022-02-17 12:07:51 Checking for update using Github
2022-02-17 12:07:51 Success.
2022-02-17 12:07:51 Latest version is 0.13.23
2022-02-17 12:07:51 App is up to date.
2022-02-17 13:07:51 Checking for update using Github
2022-02-17 13:07:51 Success.
2022-02-17 13:07:51 Latest version is 0.13.23
2022-02-17 13:07:51 App is up to date.
2022-02-17 14:07:51 Checking for update using Github
2022-02-17 14:07:51 Success.
2022-02-17 14:07:51 Latest version is 0.13.23
2022-02-17 14:07:51 App is up to date.
2022-02-17 15:07:51 Checking for update using Github
2022-02-17 15:07:51 Success.
2022-02-17 15:07:51 Latest version is 0.13.23
2022-02-17 15:07:51 App is up to date.
2022-02-17 16:07:51 Checking for update using Github
2022-02-17 16:07:51 Success.
2022-02-17 16:07:51 Latest version is 0.13.23
2022-02-17 16:07:51 App is up to date.
2022-02-17 17:48:49 Checking for update using Github
2022-02-17 17:48:50 Success.
2022-02-17 17:48:50 Latest version is 0.13.23
2022-02-17 17:48:50 App is up to date.
2022-02-17 18:48:50 Checking for update using Github
2022-02-17 18:48:50 Success.
2022-02-17 18:48:50 Latest version is 0.13.23
2022-02-17 18:48:50 App is up to date.
2022-02-17 20:53:23 Checking for update using Github
2022-02-17 20:53:23 Success.
2022-02-17 20:53:23 Latest version is 0.13.23
2022-02-17 20:53:23 App is up to date.
2022-02-17 21:53:23 Checking for update using Github
2022-02-17 21:53:23 Success.
2022-02-17 21:53:23 Latest version is 0.13.23
2022-02-17 21:53:23 App is up to date.
2022-02-17 22:53:23 Checking for update using Github
2022-02-17 22:53:23 Success.
2022-02-17 22:53:23 Latest version is 0.13.23
2022-02-17 22:53:23 App is up to date.
2022-02-19 05:04:11 Loading main app package /usr/lib/obsidian/obsidian.asar
2022-02-19 05:04:11 Checking for update using Github
2022-02-19 05:04:11 Success.
2022-02-19 05:04:11 Latest version is 0.13.23
2022-02-19 05:04:11 App is up to date.
2022-02-19 05:18:53 Loading main app package /usr/lib/obsidian/obsidian.asar
2022-02-19 05:18:53 Checking for update using Github
2022-02-19 05:18:53 Success.
2022-02-19 05:18:53 Latest version is 0.13.23
2022-02-19 05:18:53 App is up to date.
2022-02-19 05:26:15 Loading main app package /usr/lib/obsidian/obsidian.asar
2022-02-19 05:26:16 Checking for update using Github
2022-02-19 05:26:16 Success.
2022-02-19 05:26:16 Latest version is 0.13.23
2022-02-19 05:26:16 App is up to date.
2022-02-19 21:41:15 Loading main app package /usr/lib/obsidian/obsidian.asar
2022-02-19 21:41:15 Checking for update using Github
2022-02-19 21:41:16 Success.
2022-02-19 21:41:16 Latest version is 0.13.23
2022-02-19 21:41:16 App is up to date.
2022-02-19 22:08:06 Loading main app package /usr/lib/obsidian/obsidian.asar
2022-02-19 22:08:07 Checking for update using Github
2022-02-19 22:08:07 Success.
2022-02-19 22:08:07 Latest version is 0.13.23
2022-02-19 22:08:07 App is up to date.
2022-02-19 23:08:07 Checking for update using Github
2022-02-19 23:08:07 Success.
2022-02-19 23:08:07 Latest version is 0.13.23
2022-02-19 23:08:07 App is up to date.
2022-02-20 01:42:19 Checking for update using Github
2022-02-20 01:42:19 Success.
2022-02-20 01:42:19 Latest version is 0.13.23
2022-02-20 01:42:19 App is up to date.
2022-02-20 02:55:05 Checking for update using Github
2022-02-20 02:55:06 Success.
2022-02-20 02:55:06 Latest version is 0.13.23
2022-02-20 02:55:06 App is up to date.
2022-02-20 06:36:59 Checking for update using Github
2022-02-20 06:36:59 Success.
2022-02-20 06:36:59 Latest version is 0.13.23
2022-02-20 06:36:59 App is up to date.
2022-02-20 07:36:59 Checking for update using Github
2022-02-20 07:36:59 Success.
2022-02-20 07:36:59 Latest version is 0.13.23
2022-02-20 07:36:59 App is up to date.
